<?xml version="1.0" encoding="UTF-8"?>
<!-- Generated by org.testng.reporters.JUnitReportReporter -->
<testsuite hostname="DESKTOP-GQ1HDIT" failures="0" tests="2" name="medicareTestCases.LoginPageTest" time="11.639" errors="0" timestamp="2022-09-07T11:57:34 EDT" skipped="0">
  <testcase classname="medicareTestCases.LoginPageTest" name="loginTest" time="7.180"/>
  <system-out/>
  <testcase classname="medicareTestCases.LoginPageTest" name="loginPageTitleTest" time="4.459"/>
  <system-out/>
</testsuite> <!-- medicareTestCases.LoginPageTest -->
