<?xml version="1.0" encoding="UTF-8"?>
<!-- Generated by org.testng.reporters.JUnitReportReporter -->
<testsuite hostname="DESKTOP-GQ1HDIT" failures="0" tests="1" name="medicareTestCases.HomePageTest" time="7.824" errors="0" timestamp="2022-09-07T11:57:34 EDT" skipped="0">
  <testcase classname="medicareTestCases.HomePageTest" name="verifyHomePageTitleTest" time="7.824"/>
  <system-out/>
</testsuite> <!-- medicareTestCases.HomePageTest -->
