<?xml version="1.0" encoding="UTF-8"?>
<!-- Generated by org.testng.reporters.JUnitReportReporter -->
<testsuite hostname="DESKTOP-GQ1HDIT" failures="0" tests="2" name="medicareTestCases.LoginPageTest" time="7.626" errors="0" timestamp="2022-09-01T12:12:30 EDT" skipped="0">
  <testcase classname="medicareTestCases.LoginPageTest" name="loginTest" time="4.968"/>
  <system-out/>
  <testcase classname="medicareTestCases.LoginPageTest" name="loginPageTitleTest" time="2.658"/>
  <system-out/>
</testsuite> <!-- medicareTestCases.LoginPageTest -->
