<?xml version="1.0" encoding="UTF-8"?>
<!-- Generated by org.testng.reporters.JUnitReportReporter -->
<testsuite hostname="DESKTOP-GQ1HDIT" failures="0" tests="1" name="medicareTestCases.HomePageTest" time="11.793" errors="0" timestamp="2022-09-07T12:16:41 EDT" skipped="0">
  <testcase classname="medicareTestCases.HomePageTest" name="verifyHomePageTitleTest" time="11.793"/>
  <system-out/>
</testsuite> <!-- medicareTestCases.HomePageTest -->
