<?xml version="1.0" encoding="UTF-8"?>
<!-- Generated by org.testng.reporters.JUnitReportReporter -->
<testsuite hostname="DESKTOP-GQ1HDIT" failures="0" tests="1" name="medicareTestCases.SignupPageTest" time="37.664" errors="0" timestamp="2022-09-07T12:16:41 EDT" skipped="0">
  <testcase classname="medicareTestCases.SignupPageTest" name="SignUpPageHeadingTitle" time="37.664"/>
  <system-out/>
</testsuite> <!-- medicareTestCases.SignupPageTest -->
