<?xml version="1.0" encoding="UTF-8"?>
<!-- Generated by org.testng.reporters.JUnitReportReporter -->
<testsuite hostname="DESKTOP-GQ1HDIT" failures="0" tests="1" name="medicareTestCases.HomePageTest" time="5.767" errors="0" timestamp="2022-09-01T12:12:30 EDT" skipped="0">
  <testcase classname="medicareTestCases.HomePageTest" name="verifyHomePageTitleTest" time="5.767"/>
  <system-out/>
</testsuite> <!-- medicareTestCases.HomePageTest -->
