<?xml version="1.0" encoding="UTF-8"?>
<!-- Generated by org.testng.reporters.JUnitReportReporter -->
<testsuite skipped="0" hostname="DESKTOP-GQ1HDIT" name="medicareTestCases.SignupPageTest" tests="1" failures="0" timestamp="2022-09-01T12:43:48 EDT" time="35.180" errors="0">
  <testcase name="SignUpPageHeadingTitle" time="35.180" classname="medicareTestCases.SignupPageTest"/>
  <system-out/>
</testsuite> <!-- medicareTestCases.SignupPageTest -->
