<?xml version="1.0" encoding="UTF-8"?>
<!-- Generated by org.testng.reporters.JUnitReportReporter -->
<testsuite skipped="0" hostname="DESKTOP-GQ1HDIT" name="medicareTestCases.LoginPageTest" tests="2" failures="0" timestamp="2022-09-07T12:08:53 EDT" time="12.654" errors="0">
  <testcase name="loginPageTitleTest" time="4.937" classname="medicareTestCases.LoginPageTest"/>
  <system-out/>
  <testcase name="loginTest" time="7.717" classname="medicareTestCases.LoginPageTest"/>
  <system-out/>
</testsuite> <!-- medicareTestCases.LoginPageTest -->
