<?xml version="1.0" encoding="UTF-8"?>
<!-- Generated by org.testng.reporters.JUnitReportReporter -->
<testsuite skipped="0" hostname="DESKTOP-GQ1HDIT" name="medicareTestCases.SignupPageTest" tests="1" failures="0" timestamp="2022-09-07T12:18:08 EDT" time="34.395" errors="0">
  <testcase name="SignUpPageHeadingTitle" time="34.395" classname="medicareTestCases.SignupPageTest"/>
  <system-out/>
</testsuite> <!-- medicareTestCases.SignupPageTest -->
