<?xml version="1.0" encoding="UTF-8"?>
<!-- Generated by org.testng.reporters.JUnitReportReporter -->
<testsuite skipped="0" hostname="DESKTOP-GQ1HDIT" name="medicareTestCases.LoginPageTest" tests="2" failures="0" timestamp="2022-09-07T12:18:08 EDT" time="12.449" errors="0">
  <testcase name="loginTest" time="7.505" classname="medicareTestCases.LoginPageTest"/>
  <system-out/>
  <testcase name="loginPageTitleTest" time="4.944" classname="medicareTestCases.LoginPageTest"/>
  <system-out/>
</testsuite> <!-- medicareTestCases.LoginPageTest -->
