<?xml version="1.0" encoding="UTF-8"?>
<!-- Generated by org.testng.reporters.JUnitReportReporter -->
<testsuite skipped="0" hostname="DESKTOP-GQ1HDIT" name="medicareTestCases.LoginPageTest" tests="2" failures="0" timestamp="2022-09-01T12:43:48 EDT" time="11.517" errors="0">
  <testcase name="loginTest" time="6.446" classname="medicareTestCases.LoginPageTest"/>
  <system-out/>
  <testcase name="loginPageTitleTest" time="5.071" classname="medicareTestCases.LoginPageTest"/>
  <system-out/>
</testsuite> <!-- medicareTestCases.LoginPageTest -->
