<?xml version="1.0" encoding="UTF-8"?>
<!-- Generated by org.testng.reporters.JUnitReportReporter -->
<testsuite skipped="0" hostname="DESKTOP-GQ1HDIT" name="medicareTestCases.HomePageTest" tests="1" failures="0" timestamp="2022-09-07T12:08:53 EDT" time="9.545" errors="0">
  <testcase name="verifyHomePageTitleTest" time="9.545" classname="medicareTestCases.HomePageTest"/>
  <system-out/>
</testsuite> <!-- medicareTestCases.HomePageTest -->
